2015-07-28 15:07:17,084 INFO supervisord started with pid 98531
2015-07-28 15:07:18,090 INFO spawned: 'ts-0' with pid 98534
2015-07-28 15:07:18,092 INFO spawned: 'ts-1' with pid 98535
2015-07-28 15:07:18,095 INFO spawned: 'ts-2' with pid 98536
2015-07-28 15:07:19,097 INFO success: ts-0 entered RUNNING state, process has stayed up for > than 1 seconds (startsecs)
2015-07-28 15:07:19,097 INFO success: ts-1 entered RUNNING state, process has stayed up for > than 1 seconds (startsecs)
2015-07-28 15:07:19,097 INFO success: ts-2 entered RUNNING state, process has stayed up for > than 1 seconds (startsecs)
2015-07-28 15:08:09,890 WARN received SIGINT indicating exit request
2015-07-28 15:08:09,890 INFO waiting for ts-0, ts-1, ts-2 to die
2015-07-28 15:08:09,893 INFO stopped: ts-2 (terminated by SIGKILL)
2015-07-28 15:08:09,893 INFO stopped: ts-1 (terminated by SIGKILL)
2015-07-28 15:08:09,894 INFO stopped: ts-0 (terminated by SIGKILL)
2015-07-28 15:08:10,949 INFO supervisord started with pid 98576
2015-07-28 15:08:11,954 INFO spawned: 'ts-0' with pid 98579
2015-07-28 15:08:11,957 INFO spawned: 'ts-1' with pid 98580
2015-07-28 15:08:11,960 INFO spawned: 'ts-2' with pid 98581
2015-07-28 15:08:13,871 INFO success: ts-0 entered RUNNING state, process has stayed up for > than 1 seconds (startsecs)
2015-07-28 15:08:13,872 INFO success: ts-1 entered RUNNING state, process has stayed up for > than 1 seconds (startsecs)
2015-07-28 15:08:13,872 INFO success: ts-2 entered RUNNING state, process has stayed up for > than 1 seconds (startsecs)
2015-07-28 15:08:32,057 WARN received SIGINT indicating exit request
2015-07-28 15:08:32,058 INFO waiting for ts-0, ts-1, ts-2 to die
2015-07-28 15:08:32,060 INFO stopped: ts-2 (terminated by SIGKILL)
2015-07-28 15:08:32,060 INFO stopped: ts-1 (terminated by SIGKILL)
2015-07-28 15:08:32,060 INFO stopped: ts-0 (terminated by SIGKILL)
2015-07-28 15:11:38,651 INFO supervisord started with pid 98730
2015-07-28 15:11:39,658 INFO spawned: 'ts-0' with pid 98733
2015-07-28 15:11:39,660 INFO spawned: 'ts-1' with pid 98734
2015-07-28 15:11:39,663 INFO spawned: 'ts-2' with pid 98735
2015-07-28 15:11:41,654 INFO success: ts-0 entered RUNNING state, process has stayed up for > than 1 seconds (startsecs)
2015-07-28 15:11:41,656 INFO success: ts-1 entered RUNNING state, process has stayed up for > than 1 seconds (startsecs)
2015-07-28 15:11:41,656 INFO success: ts-2 entered RUNNING state, process has stayed up for > than 1 seconds (startsecs)
2015-07-28 15:13:42,208 WARN received SIGINT indicating exit request
2015-07-28 15:13:42,209 INFO waiting for ts-0, ts-1, ts-2 to die
2015-07-28 15:13:42,211 INFO stopped: ts-2 (terminated by SIGKILL)
2015-07-28 15:13:42,211 INFO stopped: ts-1 (terminated by SIGKILL)
2015-07-28 15:13:42,211 INFO stopped: ts-0 (terminated by SIGKILL)
2015-07-28 15:14:01,209 INFO supervisord started with pid 98970
2015-07-28 15:14:02,216 INFO spawned: 'ts-0' with pid 98973
2015-07-28 15:14:02,218 INFO spawned: 'ts-1' with pid 98974
2015-07-28 15:14:02,222 INFO spawned: 'ts-2' with pid 98975
2015-07-28 15:14:03,224 INFO success: ts-0 entered RUNNING state, process has stayed up for > than 1 seconds (startsecs)
2015-07-28 15:14:03,224 INFO success: ts-1 entered RUNNING state, process has stayed up for > than 1 seconds (startsecs)
2015-07-28 15:14:03,224 INFO success: ts-2 entered RUNNING state, process has stayed up for > than 1 seconds (startsecs)
2015-07-28 15:14:51,076 WARN received SIGINT indicating exit request
2015-07-28 15:14:51,076 INFO waiting for ts-0, ts-1, ts-2 to die
2015-07-28 15:14:51,079 INFO stopped: ts-2 (terminated by SIGKILL)
2015-07-28 15:14:51,079 INFO stopped: ts-1 (terminated by SIGKILL)
2015-07-28 15:14:51,079 INFO stopped: ts-0 (terminated by SIGKILL)
2015-07-28 15:15:01,404 INFO supervisord started with pid 99087
2015-07-28 15:15:02,409 INFO spawned: 'ts-0' with pid 99090
2015-07-28 15:15:02,411 INFO spawned: 'ts-1' with pid 99091
2015-07-28 15:15:02,414 INFO spawned: 'ts-2' with pid 99092
2015-07-28 15:15:04,295 INFO success: ts-0 entered RUNNING state, process has stayed up for > than 1 seconds (startsecs)
2015-07-28 15:15:04,295 INFO success: ts-1 entered RUNNING state, process has stayed up for > than 1 seconds (startsecs)
2015-07-28 15:15:04,295 INFO success: ts-2 entered RUNNING state, process has stayed up for > than 1 seconds (startsecs)
2015-07-28 15:15:36,201 WARN received SIGINT indicating exit request
2015-07-28 15:15:36,202 INFO waiting for ts-0, ts-1, ts-2 to die
2015-07-28 15:15:36,204 INFO stopped: ts-2 (terminated by SIGKILL)
2015-07-28 15:15:36,204 INFO stopped: ts-1 (terminated by SIGKILL)
2015-07-28 15:15:36,204 INFO stopped: ts-0 (terminated by SIGKILL)
2015-07-28 15:15:50,197 INFO supervisord started with pid 99167
2015-07-28 15:15:51,200 INFO spawned: 'ts-0' with pid 99170
2015-07-28 15:15:51,202 INFO spawned: 'ts-1' with pid 99171
2015-07-28 15:15:51,205 INFO spawned: 'ts-2' with pid 99172
2015-07-28 15:15:53,116 INFO success: ts-0 entered RUNNING state, process has stayed up for > than 1 seconds (startsecs)
2015-07-28 15:15:53,116 INFO success: ts-1 entered RUNNING state, process has stayed up for > than 1 seconds (startsecs)
2015-07-28 15:15:53,116 INFO success: ts-2 entered RUNNING state, process has stayed up for > than 1 seconds (startsecs)
2015-07-28 15:24:25,116 WARN received SIGINT indicating exit request
2015-07-28 15:24:25,116 INFO waiting for ts-0, ts-1, ts-2 to die
2015-07-28 15:24:25,119 INFO stopped: ts-2 (terminated by SIGKILL)
2015-07-28 15:24:25,119 INFO stopped: ts-1 (terminated by SIGKILL)
2015-07-28 15:24:25,119 INFO stopped: ts-0 (terminated by SIGKILL)
2015-07-28 15:24:26,487 INFO supervisord started with pid 99569
2015-07-28 15:24:27,489 INFO spawned: 'ts-0' with pid 99572
2015-07-28 15:24:27,491 INFO spawned: 'ts-1' with pid 99573
2015-07-28 15:24:27,494 INFO spawned: 'ts-2' with pid 99574
2015-07-28 15:24:28,498 INFO success: ts-0 entered RUNNING state, process has stayed up for > than 1 seconds (startsecs)
2015-07-28 15:24:28,498 INFO success: ts-1 entered RUNNING state, process has stayed up for > than 1 seconds (startsecs)
2015-07-28 15:24:28,498 INFO success: ts-2 entered RUNNING state, process has stayed up for > than 1 seconds (startsecs)
2015-07-28 15:26:34,527 WARN received SIGINT indicating exit request
2015-07-28 15:26:34,527 INFO waiting for ts-0, ts-1, ts-2 to die
2015-07-28 15:26:34,529 INFO stopped: ts-2 (terminated by SIGKILL)
2015-07-28 15:26:34,530 INFO stopped: ts-1 (terminated by SIGKILL)
2015-07-28 15:26:34,530 INFO stopped: ts-0 (terminated by SIGKILL)
2015-07-28 15:26:35,536 INFO supervisord started with pid 99722
2015-07-28 15:26:36,538 INFO spawned: 'ts-0' with pid 99725
2015-07-28 15:26:36,540 INFO spawned: 'ts-1' with pid 99726
2015-07-28 15:26:36,543 INFO spawned: 'ts-2' with pid 99727
2015-07-28 15:26:37,548 INFO success: ts-0 entered RUNNING state, process has stayed up for > than 1 seconds (startsecs)
2015-07-28 15:26:37,548 INFO success: ts-1 entered RUNNING state, process has stayed up for > than 1 seconds (startsecs)
2015-07-28 15:26:37,548 INFO success: ts-2 entered RUNNING state, process has stayed up for > than 1 seconds (startsecs)
2015-07-28 15:26:37,766 INFO exited: ts-2 (exit status 1; not expected)
2015-07-28 15:26:37,766 INFO exited: ts-1 (exit status 1; not expected)
2015-07-28 15:26:38,772 INFO spawned: 'ts-1' with pid 99740
2015-07-28 15:26:38,774 INFO spawned: 'ts-2' with pid 99741
2015-07-28 15:26:39,787 INFO success: ts-1 entered RUNNING state, process has stayed up for > than 1 seconds (startsecs)
2015-07-28 15:26:39,788 INFO success: ts-2 entered RUNNING state, process has stayed up for > than 1 seconds (startsecs)
2015-07-28 15:26:39,793 INFO exited: ts-1 (exit status 1; not expected)
2015-07-28 15:26:39,806 INFO spawned: 'ts-1' with pid 99750
2015-07-28 15:26:39,810 INFO exited: ts-2 (exit status 1; not expected)
2015-07-28 15:26:40,510 INFO spawned: 'ts-2' with pid 99755
2015-07-28 15:26:40,620 INFO exited: ts-1 (exit status 1; not expected)
2015-07-28 15:26:41,371 INFO exited: ts-2 (exit status 1; not expected)
2015-07-28 15:26:42,375 INFO spawned: 'ts-1' with pid 99760
2015-07-28 15:26:42,378 INFO spawned: 'ts-2' with pid 99761
2015-07-28 15:26:43,197 INFO exited: ts-2 (exit status 1; not expected)
2015-07-28 15:30:14,356 INFO exited: ts-1 (exit status 1; not expected)
2015-07-28 15:30:15,362 INFO spawned: 'ts-1' with pid 99826
2015-07-28 15:30:15,365 INFO spawned: 'ts-2' with pid 99827
2015-07-28 15:30:16,081 WARN received SIGINT indicating exit request
2015-07-28 15:30:16,085 CRIT unknown problem killing ts-1 (99826):Traceback (most recent call last):
  File "/Library/Python/2.7/site-packages/supervisor/process.py", line 417, in kill
    options.kill(pid, sig)
  File "/Library/Python/2.7/site-packages/supervisor/options.py", line 1171, in kill
    os.kill(pid, signal)
OSError: [Errno 1] Operation not permitted

2015-07-28 15:30:16,086 INFO waiting for ts-0, ts-2 to die
2015-07-28 15:30:16,086 INFO stopped: ts-2 (terminated by SIGKILL)
2015-07-28 15:30:44,330 INFO supervisord started with pid 124
2015-07-28 15:30:45,332 INFO spawned: 'ts-0' with pid 127
2015-07-28 15:30:45,335 INFO spawned: 'ts-1' with pid 128
2015-07-28 15:30:45,337 INFO spawned: 'ts-2' with pid 129
2015-07-28 15:30:46,321 INFO exited: ts-1 (exit status 1; not expected)
2015-07-28 15:30:46,354 INFO success: ts-0 entered RUNNING state, process has stayed up for > than 1 seconds (startsecs)
2015-07-28 15:30:46,354 INFO success: ts-2 entered RUNNING state, process has stayed up for > than 1 seconds (startsecs)
2015-07-28 15:30:46,359 INFO exited: ts-2 (exit status 1; not expected)
2015-07-28 15:30:47,364 INFO spawned: 'ts-1' with pid 142
2015-07-28 15:30:47,367 INFO spawned: 'ts-2' with pid 143
2015-07-28 15:30:48,193 INFO exited: ts-1 (exit status 1; not expected)
2015-07-28 15:30:48,203 INFO exited: ts-2 (exit status 1; not expected)
2015-07-28 15:30:49,206 INFO spawned: 'ts-2' with pid 152
2015-07-28 15:30:50,032 INFO exited: ts-2 (exit status 1; not expected)
2015-07-28 15:31:16,260 INFO spawned: 'ts-1' with pid 157
2015-07-28 15:31:16,262 INFO spawned: 'ts-2' with pid 158
2015-07-28 15:31:16,277 WARN received SIGINT indicating exit request
2015-07-28 15:31:16,278 INFO waiting for ts-0, ts-1, ts-2 to die
2015-07-28 15:31:16,279 INFO stopped: ts-2 (terminated by SIGKILL)
2015-07-28 15:31:16,279 INFO stopped: ts-1 (terminated by SIGKILL)
2015-07-28 15:31:16,280 INFO stopped: ts-0 (terminated by SIGKILL)
2015-07-28 15:31:22,579 INFO supervisord started with pid 176
2015-07-28 15:31:23,586 INFO spawned: 'ts-0' with pid 179
2015-07-28 15:31:23,588 INFO spawned: 'ts-1' with pid 180
2015-07-28 15:31:23,591 INFO spawned: 'ts-2' with pid 181
2015-07-28 15:31:24,576 INFO exited: ts-2 (exit status 1; not expected)
2015-07-28 15:31:24,584 INFO exited: ts-1 (exit status 1; not expected)
2015-07-28 15:31:25,590 INFO success: ts-0 entered RUNNING state, process has stayed up for > than 1 seconds (startsecs)
2015-07-28 15:31:25,591 INFO spawned: 'ts-1' with pid 194
2015-07-28 15:31:25,594 INFO spawned: 'ts-2' with pid 195
2015-07-28 15:31:25,684 WARN received SIGINT indicating exit request
2015-07-28 15:31:25,685 INFO waiting for ts-0, ts-1, ts-2 to die
2015-07-28 15:31:25,687 INFO stopped: ts-2 (terminated by SIGKILL)
2015-07-28 15:31:25,687 INFO stopped: ts-1 (terminated by SIGKILL)
2015-07-28 15:31:25,687 INFO stopped: ts-0 (terminated by SIGKILL)
2015-07-28 15:31:37,320 INFO supervisord started with pid 236
2015-07-28 15:31:38,327 INFO spawned: 'ts-0' with pid 239
2015-07-28 15:31:38,329 INFO spawned: 'ts-1' with pid 240
2015-07-28 15:31:38,331 INFO spawned: 'ts-2' with pid 241
2015-07-28 15:31:39,170 INFO exited: ts-1 (exit status 1; not expected)
2015-07-28 15:31:39,251 INFO exited: ts-2 (exit status 1; not expected)
2015-07-28 15:31:40,256 INFO success: ts-0 entered RUNNING state, process has stayed up for > than 1 seconds (startsecs)
2015-07-28 15:31:40,258 INFO spawned: 'ts-1' with pid 265
2015-07-28 15:31:40,261 INFO spawned: 'ts-2' with pid 266
2015-07-28 15:31:41,055 INFO exited: ts-2 (exit status 1; not expected)
2015-07-28 15:32:05,252 INFO exited: ts-1 (exit status 1; not expected)
2015-07-28 15:32:06,254 INFO spawned: 'ts-1' with pid 274
2015-07-28 15:32:06,256 INFO spawned: 'ts-2' with pid 275
2015-07-28 15:32:07,038 INFO exited: ts-1 (exit status 1; not expected)
2015-07-28 15:32:07,048 INFO exited: ts-2 (exit status 1; not expected)
2015-07-28 15:32:08,053 INFO spawned: 'ts-1' with pid 285
2015-07-28 15:32:08,767 INFO exited: ts-1 (exit status 1; not expected)
2015-07-28 15:32:10,774 INFO spawned: 'ts-1' with pid 293
2015-07-28 15:32:10,776 INFO spawned: 'ts-2' with pid 294
2015-07-28 15:32:11,447 INFO exited: ts-1 (exit status 1; not expected)
2015-07-28 15:32:11,564 INFO exited: ts-2 (exit status 1; not expected)
2015-07-28 15:32:12,567 INFO gave up: ts-2 entered FATAL state, too many start retries too quickly
2015-07-28 15:32:14,573 INFO spawned: 'ts-1' with pid 323
2015-07-28 15:32:15,263 INFO exited: ts-1 (exit status 1; not expected)
2015-07-28 15:32:16,268 INFO gave up: ts-1 entered FATAL state, too many start retries too quickly
2015-07-28 15:34:57,139 WARN received SIGINT indicating exit request
2015-07-28 15:34:57,139 INFO waiting for ts-0 to die
2015-07-28 15:34:57,140 INFO stopped: ts-0 (terminated by SIGKILL)
2015-07-28 15:34:58,573 INFO supervisord started with pid 597
2015-07-28 15:34:59,575 INFO spawned: 'ts-0' with pid 600
2015-07-28 15:34:59,578 INFO spawned: 'ts-1' with pid 601
2015-07-28 15:34:59,580 INFO spawned: 'ts-2' with pid 602
2015-07-28 15:35:01,433 INFO success: ts-0 entered RUNNING state, process has stayed up for > than 1 seconds (startsecs)
2015-07-28 15:35:01,433 INFO success: ts-1 entered RUNNING state, process has stayed up for > than 1 seconds (startsecs)
2015-07-28 15:35:01,434 INFO success: ts-2 entered RUNNING state, process has stayed up for > than 1 seconds (startsecs)
2015-07-28 15:35:03,755 INFO exited: ts-2 (exit status 1; not expected)
2015-07-28 15:35:03,756 INFO exited: ts-1 (exit status 1; not expected)
2015-07-28 15:35:04,775 INFO spawned: 'ts-1' with pid 613
2015-07-28 15:35:04,777 INFO spawned: 'ts-2' with pid 614
2015-07-28 15:35:05,781 INFO success: ts-1 entered RUNNING state, process has stayed up for > than 1 seconds (startsecs)
2015-07-28 15:35:05,781 INFO success: ts-2 entered RUNNING state, process has stayed up for > than 1 seconds (startsecs)
2015-07-28 15:35:08,826 INFO exited: ts-2 (exit status 1; not expected)
2015-07-28 15:35:15,622 INFO exited: ts-1 (exit status 1; not expected)
2015-07-28 15:35:16,629 INFO spawned: 'ts-1' with pid 621
2015-07-28 15:35:16,632 INFO spawned: 'ts-2' with pid 622
2015-07-28 15:35:17,034 WARN received SIGINT indicating exit request
2015-07-28 15:35:17,035 INFO waiting for ts-0, ts-1, ts-2 to die
2015-07-28 15:35:17,037 INFO stopped: ts-2 (terminated by SIGKILL)
2015-07-28 15:35:17,038 INFO stopped: ts-1 (terminated by SIGKILL)
2015-07-28 15:35:17,038 INFO stopped: ts-0 (terminated by SIGKILL)
2015-07-28 15:35:21,050 INFO supervisord started with pid 635
2015-07-28 15:35:22,057 INFO spawned: 'ts-0' with pid 638
2015-07-28 15:35:22,059 INFO spawned: 'ts-1' with pid 639
2015-07-28 15:35:22,061 INFO spawned: 'ts-2' with pid 640
2015-07-28 15:35:23,058 INFO success: ts-0 entered RUNNING state, process has stayed up for > than 1 seconds (startsecs)
2015-07-28 15:35:23,058 INFO success: ts-1 entered RUNNING state, process has stayed up for > than 1 seconds (startsecs)
2015-07-28 15:35:23,065 INFO success: ts-2 entered RUNNING state, process has stayed up for > than 1 seconds (startsecs)
2015-07-28 15:35:25,855 INFO exited: ts-2 (exit status 1; not expected)
2015-07-28 15:35:25,867 INFO spawned: 'ts-2' with pid 650
2015-07-28 15:35:25,868 INFO exited: ts-1 (exit status 1; not expected)
2015-07-28 15:35:26,741 INFO spawned: 'ts-1' with pid 654
2015-07-28 15:35:27,375 INFO success: ts-2 entered RUNNING state, process has stayed up for > than 1 seconds (startsecs)
2015-07-28 15:35:28,377 INFO success: ts-1 entered RUNNING state, process has stayed up for > than 1 seconds (startsecs)
2015-07-28 15:35:29,417 INFO exited: ts-2 (exit status 1; not expected)
2015-07-28 15:37:02,846 INFO exited: ts-1 (exit status 1; not expected)
2015-07-28 15:37:03,852 INFO spawned: 'ts-1' with pid 662
2015-07-28 15:37:03,855 INFO spawned: 'ts-2' with pid 663
2015-07-28 15:37:05,131 INFO success: ts-1 entered RUNNING state, process has stayed up for > than 1 seconds (startsecs)
2015-07-28 15:37:05,131 INFO success: ts-2 entered RUNNING state, process has stayed up for > than 1 seconds (startsecs)
2015-07-28 15:37:05,132 WARN received SIGINT indicating exit request
2015-07-28 15:37:05,132 INFO waiting for ts-0, ts-1, ts-2 to die
2015-07-28 15:37:05,139 INFO stopped: ts-2 (terminated by SIGKILL)
2015-07-28 15:37:05,140 INFO stopped: ts-1 (terminated by SIGKILL)
2015-07-28 15:37:05,140 INFO stopped: ts-0 (terminated by SIGKILL)
2015-07-28 15:37:55,196 INFO supervisord started with pid 817
2015-07-28 15:37:56,198 INFO spawned: 'ts-0' with pid 820
2015-07-28 15:37:56,201 INFO spawned: 'ts-1' with pid 821
2015-07-28 15:37:56,204 INFO spawned: 'ts-2' with pid 822
2015-07-28 15:37:57,018 INFO exited: ts-2 (exit status 1; not expected)
2015-07-28 15:37:58,032 INFO success: ts-0 entered RUNNING state, process has stayed up for > than 1 seconds (startsecs)
2015-07-28 15:37:58,032 INFO success: ts-1 entered RUNNING state, process has stayed up for > than 1 seconds (startsecs)
2015-07-28 15:37:58,034 INFO spawned: 'ts-2' with pid 832
2015-07-28 15:37:59,662 INFO success: ts-2 entered RUNNING state, process has stayed up for > than 1 seconds (startsecs)
2015-07-28 15:38:01,373 INFO exited: ts-1 (exit status 1; not expected)
2015-07-28 15:38:11,430 INFO exited: ts-2 (exit status 1; not expected)
2015-07-28 15:38:12,434 INFO spawned: 'ts-1' with pid 836
2015-07-28 15:38:12,437 INFO spawned: 'ts-2' with pid 837
2015-07-28 15:38:13,876 INFO success: ts-1 entered RUNNING state, process has stayed up for > than 1 seconds (startsecs)
2015-07-28 15:38:13,876 INFO success: ts-2 entered RUNNING state, process has stayed up for > than 1 seconds (startsecs)
2015-07-28 15:38:13,876 WARN received SIGINT indicating exit request
2015-07-28 15:38:13,877 INFO waiting for ts-0, ts-1, ts-2 to die
2015-07-28 15:38:13,879 INFO stopped: ts-2 (terminated by SIGKILL)
2015-07-28 15:38:13,879 INFO stopped: ts-1 (terminated by SIGKILL)
2015-07-28 15:38:13,879 INFO stopped: ts-0 (terminated by SIGKILL)
2015-07-28 15:38:27,726 INFO supervisord started with pid 935
2015-07-28 15:38:28,728 INFO spawned: 'ts-0' with pid 938
2015-07-28 15:38:28,730 INFO spawned: 'ts-1' with pid 939
2015-07-28 15:38:28,733 INFO spawned: 'ts-2' with pid 940
2015-07-28 15:38:30,568 INFO success: ts-0 entered RUNNING state, process has stayed up for > than 1 seconds (startsecs)
2015-07-28 15:38:30,569 INFO success: ts-1 entered RUNNING state, process has stayed up for > than 1 seconds (startsecs)
2015-07-28 15:38:30,569 INFO success: ts-2 entered RUNNING state, process has stayed up for > than 1 seconds (startsecs)
2015-07-28 15:39:49,528 WARN received SIGINT indicating exit request
2015-07-28 15:39:49,528 INFO waiting for ts-0, ts-1, ts-2 to die
2015-07-28 15:39:49,530 INFO stopped: ts-2 (terminated by SIGKILL)
2015-07-28 15:39:49,531 INFO stopped: ts-1 (terminated by SIGKILL)
2015-07-28 15:39:49,531 INFO stopped: ts-0 (terminated by SIGKILL)
2015-07-28 15:39:50,389 INFO supervisord started with pid 1089
2015-07-28 15:39:51,395 INFO spawned: 'ts-0' with pid 1092
2015-07-28 15:39:51,397 INFO spawned: 'ts-1' with pid 1093
2015-07-28 15:39:51,400 INFO spawned: 'ts-2' with pid 1094
2015-07-28 15:39:53,236 INFO success: ts-0 entered RUNNING state, process has stayed up for > than 1 seconds (startsecs)
2015-07-28 15:39:53,236 INFO success: ts-1 entered RUNNING state, process has stayed up for > than 1 seconds (startsecs)
2015-07-28 15:39:53,236 INFO success: ts-2 entered RUNNING state, process has stayed up for > than 1 seconds (startsecs)
2015-07-28 15:40:27,483 WARN received SIGINT indicating exit request
2015-07-28 15:40:27,483 INFO waiting for ts-0, ts-1, ts-2 to die
2015-07-28 15:40:27,485 INFO stopped: ts-2 (terminated by SIGKILL)
2015-07-28 15:40:27,486 INFO stopped: ts-1 (terminated by SIGKILL)
2015-07-28 15:40:27,486 INFO stopped: ts-0 (terminated by SIGKILL)
2015-07-28 15:40:28,539 INFO supervisord started with pid 1193
2015-07-28 15:40:29,542 INFO spawned: 'ts-4' with pid 1196
2015-07-28 15:40:29,544 INFO spawned: 'ts-0' with pid 1197
2015-07-28 15:40:29,547 INFO spawned: 'ts-1' with pid 1198
2015-07-28 15:40:29,550 INFO spawned: 'ts-2' with pid 1199
2015-07-28 15:40:29,558 INFO spawned: 'ts-3' with pid 1200
2015-07-28 15:40:30,563 INFO success: ts-4 entered RUNNING state, process has stayed up for > than 1 seconds (startsecs)
2015-07-28 15:40:30,563 INFO success: ts-0 entered RUNNING state, process has stayed up for > than 1 seconds (startsecs)
2015-07-28 15:40:30,563 INFO success: ts-1 entered RUNNING state, process has stayed up for > than 1 seconds (startsecs)
2015-07-28 15:40:30,563 INFO success: ts-2 entered RUNNING state, process has stayed up for > than 1 seconds (startsecs)
2015-07-28 15:40:30,563 INFO success: ts-3 entered RUNNING state, process has stayed up for > than 1 seconds (startsecs)
2015-07-28 15:40:30,801 INFO exited: ts-2 (exit status 1; not expected)
2015-07-28 15:40:30,805 INFO spawned: 'ts-2' with pid 1216
2015-07-28 15:40:30,818 INFO exited: ts-1 (exit status 1; not expected)
2015-07-28 15:40:30,822 INFO spawned: 'ts-1' with pid 1217
2015-07-28 15:40:30,823 INFO exited: ts-3 (exit status 1; not expected)
2015-07-28 15:40:31,505 INFO spawned: 'ts-3' with pid 1224
2015-07-28 15:40:32,118 INFO success: ts-1 entered RUNNING state, process has stayed up for > than 1 seconds (startsecs)
2015-07-28 15:40:32,118 INFO success: ts-2 entered RUNNING state, process has stayed up for > than 1 seconds (startsecs)
2015-07-28 15:40:33,120 INFO success: ts-3 entered RUNNING state, process has stayed up for > than 1 seconds (startsecs)
2015-07-28 15:40:39,834 WARN received SIGINT indicating exit request
2015-07-28 15:40:39,834 INFO waiting for ts-4, ts-0, ts-1, ts-2, ts-3 to die
2015-07-28 15:40:39,838 INFO stopped: ts-3 (terminated by SIGKILL)
2015-07-28 15:40:39,838 INFO stopped: ts-1 (terminated by SIGKILL)
2015-07-28 15:40:39,838 INFO stopped: ts-2 (terminated by SIGKILL)
2015-07-28 15:40:39,838 INFO stopped: ts-0 (terminated by SIGKILL)
2015-07-28 15:40:39,839 INFO stopped: ts-4 (terminated by SIGKILL)
2015-07-28 15:40:42,238 INFO supervisord started with pid 1236
2015-07-28 15:40:43,244 INFO spawned: 'ts-4' with pid 1239
2015-07-28 15:40:43,250 INFO spawned: 'ts-0' with pid 1240
2015-07-28 15:40:43,255 INFO spawned: 'ts-1' with pid 1241
2015-07-28 15:40:43,263 INFO spawned: 'ts-2' with pid 1242
2015-07-28 15:40:43,276 INFO spawned: 'ts-3' with pid 1243
2015-07-28 15:40:44,282 INFO success: ts-4 entered RUNNING state, process has stayed up for > than 1 seconds (startsecs)
2015-07-28 15:40:44,282 INFO success: ts-0 entered RUNNING state, process has stayed up for > than 1 seconds (startsecs)
2015-07-28 15:40:44,282 INFO success: ts-1 entered RUNNING state, process has stayed up for > than 1 seconds (startsecs)
2015-07-28 15:40:44,282 INFO success: ts-2 entered RUNNING state, process has stayed up for > than 1 seconds (startsecs)
2015-07-28 15:40:44,282 INFO success: ts-3 entered RUNNING state, process has stayed up for > than 1 seconds (startsecs)
2015-07-28 15:40:44,477 INFO exited: ts-3 (exit status 1; not expected)
2015-07-28 15:40:44,490 INFO spawned: 'ts-3' with pid 1259
2015-07-28 15:40:46,163 INFO success: ts-3 entered RUNNING state, process has stayed up for > than 1 seconds (startsecs)
2015-07-28 15:41:21,314 WARN received SIGINT indicating exit request
2015-07-28 15:41:21,315 INFO waiting for ts-4, ts-0, ts-1, ts-2, ts-3 to die
2015-07-28 15:41:21,318 INFO stopped: ts-3 (terminated by SIGKILL)
2015-07-28 15:41:21,318 INFO stopped: ts-2 (terminated by SIGKILL)
2015-07-28 15:41:21,319 INFO stopped: ts-1 (terminated by SIGKILL)
2015-07-28 15:41:21,319 INFO stopped: ts-0 (terminated by SIGKILL)
2015-07-28 15:41:21,319 INFO stopped: ts-4 (terminated by SIGKILL)
